<?xml version="1.0" encoding="UTF-8"?>
<testng-results skipped="0" failed="0" total="1" passed="1">
  <reporter-output>
  </reporter-output>
  <suite name="Default suite" duration-ms="14294" started-at="2017-12-14T15:14:41Z" finished-at="2017-12-14T15:14:56Z">
    <groups>
    </groups>
    <test name="Default test" duration-ms="14294" started-at="2017-12-14T15:14:41Z" finished-at="2017-12-14T15:14:56Z">
      <class name="ExtentsReports.ExtentsReports.TTC0Login">
        <test-method status="PASS" signature="login()[pri:0, instance:ExtentsReports.ExtentsReports.TTC0Login@d8355a8]" name="login" is-config="true" duration-ms="8834" started-at="2017-12-14T10:14:41Z" finished-at="2017-12-14T10:14:50Z">
          <reporter-output>
          </reporter-output>
        </test-method> <!-- login -->
        <test-method status="PASS" signature="test1()[pri:0, instance:ExtentsReports.ExtentsReports.TTC0Login@d8355a8]" name="test1" duration-ms="4080" started-at="2017-12-14T10:14:50Z" finished-at="2017-12-14T10:14:54Z">
          <reporter-output>
          </reporter-output>
        </test-method> <!-- test1 -->
        <test-method status="PASS" signature="getResult(org.testng.ITestResult)[pri:0, instance:ExtentsReports.ExtentsReports.TTC0Login@d8355a8]" name="getResult" is-config="true" duration-ms="1" started-at="2017-12-14T10:14:54Z" finished-at="2017-12-14T10:14:54Z">
          <params>
            <param index="0">
              <value>
                <![CDATA[[TestResult name=test1 status=SUCCESS method=TTC0Login.test1()[pri:0, instance:ExtentsReports.ExtentsReports.TTC0Login@d8355a8] output={null}]]]>
              </value>
            </param>
          </params>
          <reporter-output>
          </reporter-output>
        </test-method> <!-- getResult -->
        <test-method status="PASS" signature="endReport()[pri:0, instance:ExtentsReports.ExtentsReports.TTC0Login@d8355a8]" name="endReport" is-config="true" duration-ms="1349" started-at="2017-12-14T10:14:54Z" finished-at="2017-12-14T10:14:56Z">
          <reporter-output>
          </reporter-output>
        </test-method> <!-- endReport -->
      </class> <!-- ExtentsReports.ExtentsReports.TTC0Login -->
    </test> <!-- Default test -->
  </suite> <!-- Default suite -->
</testng-results>
